[NX Daemon Server] - 2025-01-14T19:27:18.186Z - Started listening on: /var/folders/8z/s2flkrq96cn4mchvx_w4m3s40000gp/T/0c203b3aec550dff65cd/d.sock
[NX Daemon Server] - 2025-01-14T19:27:18.187Z - [WATCHER]: Subscribed to changes within: /Users/erin.mccargar/prj/TsMultiPipe (native)
[NX Daemon Server] - 2025-01-14T19:27:18.195Z - Established a connection. Number of open connections: 1
[NX Daemon Server] - 2025-01-14T19:27:18.195Z - Established a connection. Number of open connections: 2
[NX Daemon Server] - 2025-01-14T19:27:18.196Z - Closed a connection. Number of open connections: 1
[NX Daemon Server] - 2025-01-14T19:27:18.197Z - [REQUEST]: Client Request for Project Graph Received
[NX Daemon Server] - 2025-01-14T19:27:18.248Z - [WATCHER]: Processing file changes in outputs
[NX Daemon Server] - 2025-01-14T19:27:18.324Z - Time taken for 'Load Nx Plugin: /Users/erin.mccargar/prj/TsMultiPipe/node_modules/nx/src/plugins/project-json/build-nodes/project-json' 125.909208ms
[NX Daemon Server] - 2025-01-14T19:27:18.324Z - Time taken for 'Load Nx Plugin: /Users/erin.mccargar/prj/TsMultiPipe/node_modules/nx/src/plugins/package-json' 126.3785ms
[NX Daemon Server] - 2025-01-14T19:27:18.328Z - [REQUEST]: Updated workspace context based on watched changes, recomputing project graph...
[NX Daemon Server] - 2025-01-14T19:27:18.328Z - [REQUEST]: 
[NX Daemon Server] - 2025-01-14T19:27:18.328Z - [REQUEST]: 
[NX Daemon Server] - 2025-01-14T19:27:18.333Z - Time taken for 'loadNxPlugins' 130.73483299999998ms
[NX Daemon Server] - 2025-01-14T19:27:18.619Z - Time taken for 'build-project-configs' 279.046292ms
[NX Daemon Server] - 2025-01-14T19:27:18.643Z - [SYNC]: collect registered sync generators
[NX Daemon Server] - 2025-01-14T19:27:18.644Z - [REQUEST]: Responding to the client. project-graph
[NX Daemon Server] - 2025-01-14T19:27:18.644Z - Time taken for 'total for creating and serializing project graph' 446.78258299999993ms
[NX Daemon Server] - 2025-01-14T19:27:18.647Z - Done responding to the client project-graph
[NX Daemon Server] - 2025-01-14T19:27:18.647Z - Handled REQUEST_PROJECT_GRAPH. Handling time: 446. Response time: 4.
[NX Daemon Server] - 2025-01-14T19:27:18.685Z - [REQUEST]: Responding to the client. handleHashTasks
[NX Daemon Server] - 2025-01-14T19:27:18.685Z - Done responding to the client handleHashTasks
[NX Daemon Server] - 2025-01-14T19:27:18.685Z - Handled HASH_TASKS. Handling time: 6. Response time: 0.
[NX Daemon Server] - 2025-01-14T19:27:18.707Z - [REQUEST]: Responding to the client. handleGetEstimatedTaskTimings
[NX Daemon Server] - 2025-01-14T19:27:18.708Z - Done responding to the client handleGetEstimatedTaskTimings
[NX Daemon Server] - 2025-01-14T19:27:18.708Z - Handled GET_ESTIMATED_TASK_TIMINGS. Handling time: 16. Response time: 1.
[NX Daemon Server] - 2025-01-14T19:27:19.628Z - [REQUEST]: Responding to the client. recordOutputsHash
[NX Daemon Server] - 2025-01-14T19:27:19.628Z - Done responding to the client recordOutputsHash
[NX Daemon Server] - 2025-01-14T19:27:19.628Z - Handled RECORD_OUTPUTS_HASH. Handling time: 4. Response time: 0.
[NX Daemon Server] - 2025-01-14T19:27:19.661Z - [WATCHER]: 28 file(s) created or restored, 0 file(s) modified, 0 file(s) deleted
[NX Daemon Server] - 2025-01-14T19:27:19.661Z - [WATCHER]: Processing file changes in outputs
[NX Daemon Server] - 2025-01-14T19:27:19.763Z - [REQUEST]: Updated workspace context based on watched changes, recomputing project graph...
[NX Daemon Server] - 2025-01-14T19:27:19.763Z - [REQUEST]: lib/shared/dist/esm/index.js.map,lib/shared/dist/esm/types/game.js,lib/shared/dist/esm/types/index.d.ts.map,lib/shared/dist/esm/types/smg_core.d.ts.map,lib/shared/dist/esm/utility/game_data.js.map,lib/shared/dist/esm/gameRegistry.js.map,lib/shared/dist/esm/types/index.js.map,lib/shared/dist/esm/gameRegistry.js,lib/shared/dist/esm/types/game.d.ts.map,lib/shared/dist/esm/index.js,lib/shared/dist/esm/types/index.js,lib/shared/dist/esm/utility/game_data.d.ts,lib/shared/dist/esm/utility/index.d.ts,lib/shared/dist/esm/types/smg_core.js,lib/shared/dist/esm/types/index.d.ts,lib/shared/dist/esm/index.d.ts,lib/shared/dist/esm/utility/game_data.d.ts.map,lib/shared/dist/esm/utility/game_data.js,lib/shared/dist/esm/utility/index.js.map,lib/shared/dist/esm/types/game.js.map,lib/shared/dist/esm/gameRegistry.d.ts,lib/shared/dist/esm/types/game.d.ts,lib/shared/dist/esm/index.d.ts.map,lib/shared/dist/esm/utility/index.js,lib/shared/dist/esm/types/smg_core.d.ts,lib/shared/dist/esm/utility/index.d.ts.map,lib/shared/dist/esm/gameRegistry.d.ts.map,lib/shared/dist/esm/types/smg_core.js.map
[NX Daemon Server] - 2025-01-14T19:27:19.763Z - [REQUEST]: 
[NX Daemon Server] - 2025-01-14T19:27:19.767Z - Time taken for 'hash changed files from watcher' 1.4448339999999007ms
[NX Daemon Server] - 2025-01-14T19:27:19.773Z - Time taken for 'build-project-configs' 6.599624999999833ms
[NX Daemon Server] - 2025-01-14T19:27:19.787Z - [SYNC]: collect registered sync generators
[NX Daemon Server] - 2025-01-14T19:27:19.787Z - [SYNC]: project graph hash is the same, not collecting task sync generators
[NX Daemon Server] - 2025-01-14T19:27:19.787Z - [SYNC]: nx.json hash is the same, not collecting global sync generators
[NX Daemon Server] - 2025-01-14T19:27:19.787Z - Time taken for 'total execution time for createProjectGraph()' 11.886792000000014ms
[NX Daemon Server] - 2025-01-14T19:27:20.623Z - [REQUEST]: Responding to the client. recordOutputsHash
[NX Daemon Server] - 2025-01-14T19:27:20.623Z - Done responding to the client recordOutputsHash
[NX Daemon Server] - 2025-01-14T19:27:20.623Z - Handled RECORD_OUTPUTS_HASH. Handling time: 2. Response time: 0.
[NX Daemon Server] - 2025-01-14T19:27:20.654Z - [WATCHER]: 20 file(s) created or restored, 0 file(s) modified, 0 file(s) deleted
[NX Daemon Server] - 2025-01-14T19:27:20.654Z - [WATCHER]: Processing file changes in outputs
[NX Daemon Server] - 2025-01-14T19:27:20.731Z - [REQUEST]: Responding to the client. recordOutputsHash
[NX Daemon Server] - 2025-01-14T19:27:20.731Z - Done responding to the client recordOutputsHash
[NX Daemon Server] - 2025-01-14T19:27:20.731Z - Handled RECORD_OUTPUTS_HASH. Handling time: 2. Response time: 0.
[NX Daemon Server] - 2025-01-14T19:27:20.756Z - [REQUEST]: Updated workspace context based on watched changes, recomputing project graph...
[NX Daemon Server] - 2025-01-14T19:27:20.756Z - [REQUEST]: lib/internal_shared/dist/esm/utility/injection.d.ts.map,lib/internal_shared/dist/esm/utility/index.d.ts,lib/internal_shared/dist/esm/utility/index.js.map,lib/internal_shared/dist/esm/events/index.d.ts.map,lib/internal_shared/dist/esm/index.js.map,lib/internal_shared/dist/esm/types/index.js,lib/internal_shared/dist/esm/types/index.d.ts,lib/internal_shared/dist/esm/utility/injection.js,lib/internal_shared/dist/esm/types/index.js.map,lib/internal_shared/dist/esm/utility/index.js,lib/internal_shared/dist/esm/utility/injection.js.map,lib/internal_shared/dist/esm/types/index.d.ts.map,lib/internal_shared/dist/esm/index.d.ts,lib/internal_shared/dist/esm/index.js,lib/internal_shared/dist/esm/utility/injection.d.ts,lib/internal_shared/dist/esm/index.d.ts.map,lib/internal_shared/dist/esm/events/index.d.ts,lib/internal_shared/dist/esm/utility/index.d.ts.map,lib/internal_shared/dist/esm/events/index.js.map,lib/internal_shared/dist/esm/events/index.js
[NX Daemon Server] - 2025-01-14T19:27:20.756Z - [REQUEST]: 
[NX Daemon Server] - 2025-01-14T19:27:20.759Z - Time taken for 'hash changed files from watcher' 0.7596670000002632ms
[NX Daemon Server] - 2025-01-14T19:27:20.765Z - Time taken for 'build-project-configs' 6.406083000000308ms
[NX Daemon Server] - 2025-01-14T19:27:20.771Z - [WATCHER]: 4 file(s) created or restored, 0 file(s) modified, 0 file(s) deleted
[NX Daemon Server] - 2025-01-14T19:27:20.771Z - [WATCHER]: Processing file changes in outputs
[NX Daemon Server] - 2025-01-14T19:27:20.776Z - [SYNC]: collect registered sync generators
[NX Daemon Server] - 2025-01-14T19:27:20.776Z - [SYNC]: project graph hash is the same, not collecting task sync generators
[NX Daemon Server] - 2025-01-14T19:27:20.776Z - [SYNC]: nx.json hash is the same, not collecting global sync generators
[NX Daemon Server] - 2025-01-14T19:27:20.776Z - Time taken for 'total execution time for createProjectGraph()' 9.928291000000172ms
[NX Daemon Server] - 2025-01-14T19:27:20.871Z - [REQUEST]: Updated workspace context based on watched changes, recomputing project graph...
[NX Daemon Server] - 2025-01-14T19:27:20.871Z - [REQUEST]: lib/api_client/dist/esm/index.d.ts.map,lib/api_client/dist/esm/index.js.map,lib/api_client/dist/esm/index.js,lib/api_client/dist/esm/index.d.ts
[NX Daemon Server] - 2025-01-14T19:27:20.871Z - [REQUEST]: 
[NX Daemon Server] - 2025-01-14T19:27:20.874Z - Time taken for 'hash changed files from watcher' 0.3024589999999989ms
[NX Daemon Server] - 2025-01-14T19:27:20.881Z - Time taken for 'build-project-configs' 6.6756249999998545ms
[NX Daemon Server] - 2025-01-14T19:27:20.890Z - [SYNC]: collect registered sync generators
[NX Daemon Server] - 2025-01-14T19:27:20.891Z - [SYNC]: project graph hash is the same, not collecting task sync generators
[NX Daemon Server] - 2025-01-14T19:27:20.891Z - [SYNC]: nx.json hash is the same, not collecting global sync generators
[NX Daemon Server] - 2025-01-14T19:27:20.891Z - Time taken for 'total execution time for createProjectGraph()' 8.503791999999976ms
[NX Daemon Server] - 2025-01-14T19:27:21.130Z - [WATCHER]: 105 file(s) created or restored, 0 file(s) modified, 0 file(s) deleted
[NX Daemon Server] - 2025-01-14T19:27:21.131Z - [WATCHER]: Processing file changes in outputs
[NX Daemon Server] - 2025-01-14T19:27:21.180Z - [REQUEST]: Responding to the client. recordOutputsHash
[NX Daemon Server] - 2025-01-14T19:27:21.180Z - Done responding to the client recordOutputsHash
[NX Daemon Server] - 2025-01-14T19:27:21.180Z - Handled RECORD_OUTPUTS_HASH. Handling time: 6. Response time: 0.
[NX Daemon Server] - 2025-01-14T19:27:21.182Z - [WATCHER]: 112 file(s) created or restored, 0 file(s) modified, 0 file(s) deleted
[NX Daemon Server] - 2025-01-14T19:27:21.183Z - [WATCHER]: Processing file changes in outputs
[NX Daemon Server] - 2025-01-14T19:27:21.234Z - [REQUEST]: Updated workspace context based on watched changes, recomputing project graph...
[NX Daemon Server] - 2025-01-14T19:27:21.234Z - [REQUEST]: lib/display_components/dist/esm/events/InjectionCue.js.map,lib/display_components/dist/esm/webcomponents/menus/welcome_menu/definitions.js,lib/display_components/dist/esm/events/LoadGameCue.d.ts.map,lib/display_components/dist/esm/interfaces/injectable_host.js.map,lib/display_components/dist/esm/util/injection.js.map,lib/display_components/dist/esm/types/activities.d.ts,lib/display_components/dist/esm/events/LogInCue.js.map,lib/display_components/dist/esm/interfaces/index.d.ts.map,lib/display_components/dist/esm/contexts/game_context.d.ts,lib/display_components/dist/esm/types/activities.d.ts.map,lib/display_components/dist/esm/webcomponents/menus/find_game/find_game_menu.d.ts.map,lib/display_components/dist/esm/contexts/index.js.map,lib/display_components/dist/esm/webcomponents/menus/welcome_menu/index.js.map,lib/display_components/dist/esm/contexts/player_context.d.ts,lib/display_components/dist/esm/events/LoggedInEvent.d.ts,lib/display_components/dist/esm/types/index.js,lib/display_components/dist/esm/events/SwapActivityCue.d.ts,lib/display_components/dist/esm/events/LoadGameCue.js.map,lib/display_components/dist/esm/events/index.js.map,lib/display_components/dist/esm/events/LoggedInEvent.js.map,lib/display_components/dist/esm/webcomponents/menus/base_menu.d.ts.map,lib/display_components/dist/esm/types/component_dependencies.d.ts.map,lib/display_components/dist/esm/interfaces/injectable_controller.js,lib/display_components/dist/esm/types/index.d.ts,lib/display_components/dist/esm/events/InjectionCue.d.ts.map,lib/display_components/dist/esm/events/SwapActivityCue.js,lib/display_components/dist/esm/interfaces/injectable_controller.d.ts.map,lib/display_components/dist/esm/webcomponents/base_injectable_controller.d.ts,lib/display_components/dist/esm/util/index.js.map,lib/display_components/dist/esm/util/injection.js,lib/display_components/dist/esm/contexts/player_context.js.map,lib/display_components/dist/esm/webcomponents/menus/find_game/find_game_menu.d.ts,lib/display_components/dist/esm/constants/index.d.ts,lib/display_components/dist/esm/webcomponents/menus/welcome_menu/welcome_controller.js,lib/display_components/dist/esm/contexts/game_context.js,lib/display_components/dist/esm/webcomponents/menus/welcome_menu/welcome_menu.js.map,lib/display_components/dist/esm/util/injection.d.ts,lib/display_components/dist/esm/events/FindGameCue.d.ts,lib/display_components/dist/esm/webcomponents/base_injectable_controller.d.ts.map,lib/display_components/dist/esm/events/StartNewGameCue.js.map,lib/display_components/dist/esm/webcomponents/menus/find_game/find_game_menu.js,lib/display_components/dist/esm/interfaces/injectable_host.js,lib/display_components/dist/esm/events/index.js,lib/display_components/dist/esm/util/index.d.ts.map,lib/display_components/dist/esm/webcomponents/menus/base_menu.js,lib/display_components/dist/esm/util/index.d.ts,lib/display_components/dist/esm/contexts/index.js,lib/display_components/dist/esm/interfaces/index.d.ts,lib/display_components/dist/esm/events/LoadGameCue.js,lib/display_components/dist/esm/contexts/index.d.ts,lib/display_components/dist/esm/interfaces/injectable_controller.js.map,lib/display_components/dist/esm/interfaces/index.js.map,lib/display_components/dist/esm/types/component_dependencies.js.map,lib/display_components/dist/esm/util/index.js,lib/display_components/dist/esm/webcomponents/menus/welcome_menu/welcome_controller.d.ts.map,lib/display_components/dist/esm/events/StartNewGameCue.d.ts.map,lib/display_components/dist/esm/events/InjectionCue.d.ts,lib/display_components/dist/esm/events/LoggedInEvent.d.ts.map,lib/display_components/dist/esm/interfaces/injectable_host.d.ts,lib/display_components/dist/esm/types/index.d.ts.map,lib/display_components/dist/esm/events/SwapActivityCue.d.ts.map,lib/display_components/dist/esm/util/injection.d.ts.map,lib/display_components/dist/esm/events/LogInCue.d.ts,lib/display_components/dist/esm/contexts/player_context.d.ts.map,lib/display_components/dist/esm/webcomponents/menus/base_menu.js.map,lib/display_components/dist/esm/contexts/game_context.js.map,lib/display_components/dist/esm/interfaces/injectable_controller.d.ts,lib/display_components/dist/esm/webcomponents/menus/welcome_menu/welcome_menu.js,lib/display_components/dist/esm/events/StartNewGameCue.d.ts,lib/display_components/dist/esm/events/index.d.ts.map,lib/display_components/dist/esm/types/component_dependencies.d.ts,lib/display_components/dist/esm/webcomponents/menus/welcome_menu/welcome_menu.d.ts.map,lib/display_components/dist/esm/events/FindGameCue.js,lib/display_components/dist/esm/types/activities.js,lib/display_components/dist/esm/events/LoggedInEvent.js,lib/display_components/dist/esm/types/activities.js.map,lib/display_components/dist/esm/webcomponents/menus/welcome_menu/welcome_controller.js.map,lib/display_components/dist/esm/events/InjectionCue.js,lib/display_components/dist/esm/webcomponents/base_injectable_controller.js.map,lib/display_components/dist/esm/constants/index.js.map,lib/display_components/dist/esm/types/component_dependencies.js,lib/display_components/dist/esm/events/LogInCue.js,lib/display_components/dist/esm/webcomponents/menus/welcome_menu/definitions.js.map,lib/display_components/dist/esm/events/LoadGameCue.d.ts,lib/display_components/dist/esm/constants/index.js,lib/display_components/dist/esm/contexts/player_context.js,lib/display_components/dist/esm/events/StartNewGameCue.js,lib/display_components/dist/esm/webcomponents/menus/welcome_menu/welcome_menu.d.ts,lib/display_components/dist/esm/events/FindGameCue.js.map,lib/display_components/dist/esm/webcomponents/menus/welcome_menu/welcome_controller.d.ts,lib/display_components/dist/esm/constants/index.d.ts.map,lib/display_components/dist/esm/webcomponents/menus/welcome_menu/definitions.d.ts,lib/display_components/dist/esm/webcomponents/menus/find_game/find_game_menu.js.map,lib/display_components/dist/esm/interfaces/index.js,lib/display_components/dist/esm/events/LogInCue.d.ts.map,lib/display_components/dist/esm/events/FindGameCue.d.ts.map,lib/display_components/dist/esm/events/index.d.ts,lib/display_components/dist/esm/events/SwapActivityCue.js.map,lib/display_components/dist/esm/webcomponents/menus/base_menu.d.ts,lib/display_components/dist/esm/webcomponents/base_injectable_controller.js,lib/display_components/dist/esm/webcomponents/menus/welcome_menu/definitions.d.ts.map,lib/display_components/dist/esm/interfaces/injectable_host.d.ts.map,lib/display_components/dist/esm/contexts/game_context.d.ts.map,lib/display_components/dist/esm/types/index.js.map,lib/display_components/dist/esm/contexts/index.d.ts.map,lib/display_components/dist/esm/webcomponents/activity_container/find_game_activity/find_game_activity_controller.js.map,lib/display_components/dist/esm/webcomponents/activity_container/start_game_activity/play_game_activity_controller.js.map,lib/display_components/dist/esm/webcomponents/activity_container/find_game_activity/find_game_activity_controller.d.ts,lib/display_components/dist/esm/webcomponents/game_containers/base_game_controller.d.ts,lib/display_components/dist/esm/webcomponents/game_containers/multipipe_container/definitions.js.map,lib/display_components/dist/esm/typeguards/activities.d.ts,lib/display_components/dist/esm/typeguards/index.d.ts.map,lib/display_components/dist/esm/webcomponents/menus/welcome_menu/index.js,lib/display_components/dist/esm/webcomponents/menus/find_game/index.js,lib/display_components/dist/esm/webcomponents/activity_container/find_game_activity/index.d.ts,lib/display_components/dist/esm/typeguards/activities.js.map,lib/display_components/dist/esm/webcomponents/lists/game_list/game_list.d.ts.map,lib/display_components/dist/esm/webcomponents/activity_container/start_game_activity/definitions.d.ts,lib/display_components/dist/esm/webcomponents/game_containers/index.d.ts.map,lib/display_components/dist/esm/webcomponents/activity_container/find_game_activity/find_game_activity.js,lib/display_components/dist/esm/webcomponents/lists/game_list/game_list.js.map,lib/display_components/dist/esm/webcomponents/menus/index.d.ts,lib/display_components/dist/esm/webcomponents/game_containers/index.d.ts,lib/display_components/dist/esm/webcomponents/lists/game_list/game_list.d.ts,lib/display_components/dist/esm/webcomponents/activity_container/find_game_activity/index.js,lib/display_components/dist/esm/webcomponents/game_containers/multipipe_container/index.d.ts,lib/display_components/dist/esm/webcomponents/index.d.ts,lib/display_components/dist/esm/webcomponents/game_containers/definitions.js,lib/display_components/dist/esm/webcomponents/game_containers/multipipe_container/definitions.js,lib/display_components/dist/esm/webcomponents/menus/index.js.map,lib/display_components/dist/esm/webcomponents/game_containers/multipipe_container/multipipe_game_container.d.ts.map,lib/display_components/dist/esm/webcomponents/activity_container/start_game_activity/index.js.map,lib/display_components/dist/esm/webcomponents/game_containers/base_game_container.d.ts,lib/display_components/dist/esm/webcomponents/lists/game_list/index.js,lib/display_components/dist/esm/webcomponents/index.js,lib/display_components/dist/esm/webcomponents/activity_container/find_game_activity/index.js.map,lib/display_components/dist/esm/webcomponents/activity_container/base_activity_container.js,lib/display_components/dist/esm/webcomponents/game_containers/multipipe_container/index.js,lib/display_components/dist/esm/webcomponents/game_containers/multipipe_container/multipipe_game_controller.d.ts,lib/display_components/dist/esm/webcomponents/menus/find_game/index.d.ts.map,lib/display_components/dist/esm/webcomponents/game_containers/multipipe_container/multipipe_game_container.d.ts,lib/display_components/dist/esm/webcomponents/activity_container/index.d.ts,lib/display_components/dist/esm/webcomponents/lists/game_list/index.d.ts.map,lib/display_components/dist/esm/webcomponents/game_containers/multipipe_container/index.js.map,lib/display_components/dist/esm/webcomponents/lists/game_list/game_list.js,lib/display_components/dist/esm/webcomponents/activity_container/find_game_activity/find_game_activity_controller.d.ts.map,lib/display_components/dist/esm/typeguards/index.d.ts,lib/display_components/dist/esm/webcomponents/activity_container/start_game_activity/play_game_activity.js,lib/display_components/dist/esm/webcomponents/activity_container/index.js.map,lib/display_components/dist/esm/webcomponents/menus/index.js,lib/display_components/dist/esm/webcomponents/game_containers/multipipe_container/multipipe_game_controller.js.map,lib/display_components/dist/esm/webcomponents/activity_container/base_activity_container.d.ts.map,lib/display_components/dist/esm/webcomponents/activity_container/find_game_activity/find_game_activity_controller.js,lib/display_components/dist/esm/webcomponents/activity_container/find_game_activity/find_game_activity.d.ts.map,lib/display_components/dist/esm/webcomponents/game_containers/multipipe_container/index.d.ts.map,lib/display_components/dist/esm/index.d.ts,lib/display_components/dist/esm/webcomponents/activity_container/start_game_activity/definitions.js.map,lib/display_components/dist/esm/webcomponents/activity_container/start_game_activity/index.d.ts,lib/display_components/dist/esm/webcomponents/game_containers/base_game_controller.js,lib/display_components/dist/esm/webcomponents/game_containers/base_game_controller.d.ts.map,lib/display_components/dist/esm/webcomponents/lists/index.js,lib/display_components/dist/esm/webcomponents/activity_container/find_game_activity/definitions.js,lib/display_components/dist/esm/webcomponents/activity_container/base_activity_container.d.ts,lib/display_components/dist/esm/webcomponents/game_containers/base_game_container.js,lib/display_components/dist/esm/webcomponents/game_containers/base_game_controller.js.map,lib/display_components/dist/esm/webcomponents/activity_container/start_game_activity/play_game_activity_controller.d.ts.map,lib/display_components/dist/esm/webcomponents/game_containers/multipipe_container/multipipe_game_container.js.map,lib/display_components/dist/esm/webcomponents/game_containers/multipipe_container/multipipe_game_controller.d.ts.map,lib/display_components/dist/esm/typeguards/activities.js,lib/display_components/dist/esm/webcomponents/activity_container/start_game_activity/play_game_activity_controller.d.ts,lib/display_components/dist/esm/webcomponents/game_containers/definitions.js.map,lib/display_components/dist/esm/typeguards/index.js,lib/display_components/dist/esm/webcomponents/menus/welcome_menu/index.d.ts.map,lib/display_components/dist/esm/webcomponents/menus/index.d.ts.map,lib/display_components/dist/esm/webcomponents/game_containers/index.js,lib/display_components/dist/esm/webcomponents/activity_container/find_game_activity/definitions.d.ts.map,lib/display_components/dist/esm/webcomponents/activity_container/base_activity_container.js.map,lib/display_components/dist/esm/webcomponents/activity_container/start_game_activity/definitions.d.ts.map,lib/display_components/dist/esm/webcomponents/lists/index.d.ts.map,lib/display_components/dist/esm/webcomponents/menus/find_game/index.d.ts,lib/display_components/dist/esm/webcomponents/game_containers/index.js.map,lib/display_components/dist/esm/index.js,lib/display_components/dist/esm/webcomponents/activity_container/start_game_activity/play_game_activity_controller.js,lib/display_components/dist/esm/webcomponents/lists/game_list/index.d.ts,lib/display_components/dist/esm/webcomponents/activity_container/find_game_activity/find_game_activity.js.map,lib/display_components/dist/esm/index.js.map,lib/display_components/dist/esm/webcomponents/game_containers/definitions.d.ts,lib/display_components/dist/esm/webcomponents/game_containers/base_game_container.js.map,lib/display_components/dist/esm/webcomponents/game_containers/definitions.d.ts.map,lib/display_components/dist/esm/webcomponents/activity_container/start_game_activity/index.js,lib/display_components/dist/esm/typeguards/index.js.map,lib/display_components/dist/esm/webcomponents/menus/welcome_menu/index.d.ts,lib/display_components/dist/esm/webcomponents/activity_container/index.d.ts.map,lib/display_components/dist/esm/webcomponents/activity_container/start_game_activity/index.d.ts.map,lib/display_components/dist/esm/webcomponents/game_containers/base_game_container.d.ts.map,lib/display_components/dist/esm/webcomponents/activity_container/start_game_activity/play_game_activity.d.ts.map,lib/display_components/dist/esm/webcomponents/activity_container/index.js,lib/display_components/dist/esm/webcomponents/index.d.ts.map,lib/display_components/dist/esm/webcomponents/activity_container/start_game_activity/play_game_activity.d.ts,lib/display_components/dist/esm/webcomponents/game_containers/multipipe_container/definitions.d.ts,lib/display_components/dist/esm/webcomponents/game_containers/multipipe_container/multipipe_game_container.js,lib/display_components/dist/esm/webcomponents/game_containers/multipipe_container/multipipe_game_controller.js,lib/display_components/dist/esm/webcomponents/activity_container/start_game_activity/definitions.js,lib/display_components/dist/esm/webcomponents/activity_container/find_game_activity/find_game_activity.d.ts,lib/display_components/dist/esm/webcomponents/activity_container/start_game_activity/play_game_activity.js.map,lib/display_components/dist/esm/webcomponents/lists/index.d.ts,lib/display_components/dist/esm/webcomponents/menus/find_game/index.js.map,lib/display_components/dist/esm/webcomponents/index.js.map,lib/display_components/dist/esm/webcomponents/game_containers/multipipe_container/definitions.d.ts.map,lib/display_components/dist/esm/index.d.ts.map,lib/display_components/dist/esm/webcomponents/activity_container/find_game_activity/definitions.d.ts,lib/display_components/dist/esm/typeguards/activities.d.ts.map,lib/display_components/dist/esm/webcomponents/lists/game_list/index.js.map,lib/display_components/dist/esm/webcomponents/activity_container/find_game_activity/definitions.js.map,lib/display_components/dist/esm/webcomponents/activity_container/find_game_activity/index.d.ts.map,lib/display_components/dist/esm/webcomponents/lists/index.js.map
[NX Daemon Server] - 2025-01-14T19:27:21.234Z - [REQUEST]: 
[NX Daemon Server] - 2025-01-14T19:27:21.236Z - Time taken for 'hash changed files from watcher' 3.443832999999813ms
[NX Daemon Server] - 2025-01-14T19:27:21.243Z - Time taken for 'build-project-configs' 6.300917000000027ms
[NX Daemon Server] - 2025-01-14T19:27:21.254Z - [SYNC]: collect registered sync generators
[NX Daemon Server] - 2025-01-14T19:27:21.255Z - [SYNC]: project graph hash is the same, not collecting task sync generators
[NX Daemon Server] - 2025-01-14T19:27:21.255Z - [SYNC]: nx.json hash is the same, not collecting global sync generators
[NX Daemon Server] - 2025-01-14T19:27:21.255Z - Time taken for 'total execution time for createProjectGraph()' 9.587166000000252ms
[NX Daemon Server] - 2025-01-14T19:27:21.601Z - [REQUEST]: Responding to the client. recordOutputsHash
[NX Daemon Server] - 2025-01-14T19:27:21.601Z - Done responding to the client recordOutputsHash
[NX Daemon Server] - 2025-01-14T19:27:21.601Z - Handled RECORD_OUTPUTS_HASH. Handling time: 2. Response time: 0.
[NX Daemon Server] - 2025-01-14T19:27:21.620Z - [WATCHER]: 24 file(s) created or restored, 0 file(s) modified, 0 file(s) deleted
[NX Daemon Server] - 2025-01-14T19:27:21.620Z - [WATCHER]: Processing file changes in outputs
[NX Daemon Server] - 2025-01-14T19:27:21.722Z - [REQUEST]: Updated workspace context based on watched changes, recomputing project graph...
[NX Daemon Server] - 2025-01-14T19:27:21.722Z - [REQUEST]: lib/internal_server_shared/dist/esm/tokens/index.d.ts,lib/internal_server_shared/dist/esm/utility/routing.d.ts,lib/internal_server_shared/dist/esm/utility/routing.d.ts.map,lib/internal_server_shared/dist/esm/tokens/index.js.map,lib/internal_server_shared/dist/esm/utility/index.d.ts.map,lib/internal_server_shared/dist/esm/utility/routing.js,lib/internal_server_shared/dist/esm/types/routes.d.ts.map,lib/internal_server_shared/dist/esm/types/routes.js,lib/internal_server_shared/dist/esm/utility/index.d.ts,lib/internal_server_shared/dist/esm/types/routes.js.map,lib/internal_server_shared/dist/esm/index.d.ts.map,lib/internal_server_shared/dist/esm/index.d.ts,lib/internal_server_shared/dist/esm/index.js.map,lib/internal_server_shared/dist/esm/types/index.js.map,lib/internal_server_shared/dist/esm/utility/index.js,lib/internal_server_shared/dist/esm/utility/index.js.map,lib/internal_server_shared/dist/esm/utility/routing.js.map,lib/internal_server_shared/dist/esm/index.js,lib/internal_server_shared/dist/esm/tokens/index.js,lib/internal_server_shared/dist/esm/types/index.js,lib/internal_server_shared/dist/esm/types/index.d.ts.map,lib/internal_server_shared/dist/esm/types/index.d.ts,lib/internal_server_shared/dist/esm/tokens/index.d.ts.map,lib/internal_server_shared/dist/esm/types/routes.d.ts
[NX Daemon Server] - 2025-01-14T19:27:21.722Z - [REQUEST]: 
[NX Daemon Server] - 2025-01-14T19:27:21.724Z - Time taken for 'hash changed files from watcher' 0.8617079999999078ms
[NX Daemon Server] - 2025-01-14T19:27:21.729Z - Time taken for 'build-project-configs' 5.222582999999759ms
[NX Daemon Server] - 2025-01-14T19:27:21.739Z - [SYNC]: collect registered sync generators
[NX Daemon Server] - 2025-01-14T19:27:21.739Z - [SYNC]: project graph hash is the same, not collecting task sync generators
[NX Daemon Server] - 2025-01-14T19:27:21.739Z - [SYNC]: nx.json hash is the same, not collecting global sync generators
[NX Daemon Server] - 2025-01-14T19:27:21.739Z - Time taken for 'total execution time for createProjectGraph()' 7.468249999999898ms
[NX Daemon Server] - 2025-01-14T19:27:22.721Z - [WATCHER]: 16 file(s) created or restored, 0 file(s) modified, 0 file(s) deleted
[NX Daemon Server] - 2025-01-14T19:27:22.723Z - [WATCHER]: Processing file changes in outputs
[NX Daemon Server] - 2025-01-14T19:27:22.757Z - [REQUEST]: Responding to the client. recordOutputsHash
[NX Daemon Server] - 2025-01-14T19:27:22.758Z - Done responding to the client recordOutputsHash
[NX Daemon Server] - 2025-01-14T19:27:22.758Z - Handled RECORD_OUTPUTS_HASH. Handling time: 2. Response time: 1.
[NX Daemon Server] - 2025-01-14T19:27:22.780Z - [WATCHER]: 16 file(s) created or restored, 0 file(s) modified, 0 file(s) deleted
[NX Daemon Server] - 2025-01-14T19:27:22.784Z - [WATCHER]: Processing file changes in outputs
[NX Daemon Server] - 2025-01-14T19:27:22.825Z - [REQUEST]: Updated workspace context based on watched changes, recomputing project graph...
[NX Daemon Server] - 2025-01-14T19:27:22.825Z - [REQUEST]: games/multipipe/server_module/dist/esm/server/api/routes.js,games/multipipe/server_module/dist/esm/server/api/index.d.ts,games/multipipe/server_module/dist/esm/server/api/routes.js.map,games/multipipe/server_module/dist/esm/server/routing.js,games/multipipe/server_module/dist/esm/server/api/index.d.ts.map,games/multipipe/server_module/dist/esm/server/index.js,games/multipipe/server_module/dist/esm/server/index.d.ts,games/multipipe/server_module/dist/esm/server/index.d.ts.map,games/multipipe/server_module/dist/esm/server/index.js.map,games/multipipe/server_module/dist/esm/server/api/routes.d.ts,games/multipipe/server_module/dist/esm/server/routing.d.ts,games/multipipe/server_module/dist/esm/server/api/routes.d.ts.map,games/multipipe/server_module/dist/esm/server/api/index.js,games/multipipe/server_module/dist/esm/server/routing.js.map,games/multipipe/server_module/dist/esm/server/routing.d.ts.map,games/multipipe/server_module/dist/esm/server/api/index.js.map,games/multipipe/server_module/dist/esm/injection/binding.js.map,games/multipipe/server_module/dist/esm/index.js.map,games/multipipe/server_module/dist/esm/injection/index.d.ts.map,games/multipipe/server_module/dist/esm/injection/binding.d.ts,games/multipipe/server_module/dist/esm/index.js,games/multipipe/server_module/dist/esm/injection/binding.js,games/multipipe/server_module/dist/esm/injection/index.js.map,games/multipipe/server_module/dist/esm/injection/binding.d.ts.map,games/multipipe/server_module/dist/esm/index.d.ts.map,games/multipipe/server_module/dist/esm/injection/index.js,games/multipipe/server_module/dist/esm/index.d.ts,games/multipipe/server_module/dist/esm/injection/tokens.js.map,games/multipipe/server_module/dist/esm/injection/tokens.d.ts,games/multipipe/server_module/dist/esm/injection/tokens.d.ts.map,games/multipipe/server_module/dist/esm/injection/index.d.ts,games/multipipe/server_module/dist/esm/injection/tokens.js
[NX Daemon Server] - 2025-01-14T19:27:22.825Z - [REQUEST]: 
[NX Daemon Server] - 2025-01-14T19:27:22.827Z - Time taken for 'hash changed files from watcher' 0.9212500000003274ms
[NX Daemon Server] - 2025-01-14T19:27:22.833Z - Time taken for 'build-project-configs' 4.707124999999905ms
[NX Daemon Server] - 2025-01-14T19:27:22.843Z - [SYNC]: collect registered sync generators
[NX Daemon Server] - 2025-01-14T19:27:22.843Z - [SYNC]: project graph hash is the same, not collecting task sync generators
[NX Daemon Server] - 2025-01-14T19:27:22.844Z - [SYNC]: nx.json hash is the same, not collecting global sync generators
[NX Daemon Server] - 2025-01-14T19:27:22.844Z - Time taken for 'total execution time for createProjectGraph()' 9.418416999999863ms
[NX Daemon Server] - 2025-01-14T19:27:22.861Z - [WATCHER]: games/multipipe/game/dist/sword.3bb7992f.png was created or restored
[NX Daemon Server] - 2025-01-14T19:27:22.861Z - [WATCHER]: Processing file changes in outputs
[NX Daemon Server] - 2025-01-14T19:27:22.962Z - [REQUEST]: Updated workspace context based on watched changes, recomputing project graph...
[NX Daemon Server] - 2025-01-14T19:27:22.962Z - [REQUEST]: games/multipipe/game/dist/sword.3bb7992f.png
[NX Daemon Server] - 2025-01-14T19:27:22.962Z - [REQUEST]: 
[NX Daemon Server] - 2025-01-14T19:27:22.964Z - Time taken for 'hash changed files from watcher' 0.3921250000003056ms
[NX Daemon Server] - 2025-01-14T19:27:22.970Z - Time taken for 'build-project-configs' 5.086416999999528ms
[NX Daemon Server] - 2025-01-14T19:27:22.975Z - [REQUEST]: Responding to the client. recordOutputsHash
[NX Daemon Server] - 2025-01-14T19:27:22.975Z - Done responding to the client recordOutputsHash
[NX Daemon Server] - 2025-01-14T19:27:22.975Z - Handled RECORD_OUTPUTS_HASH. Handling time: 4. Response time: 0.
[NX Daemon Server] - 2025-01-14T19:27:22.979Z - [SYNC]: collect registered sync generators
[NX Daemon Server] - 2025-01-14T19:27:22.980Z - [SYNC]: project graph hash is the same, not collecting task sync generators
[NX Daemon Server] - 2025-01-14T19:27:22.980Z - [SYNC]: nx.json hash is the same, not collecting global sync generators
[NX Daemon Server] - 2025-01-14T19:27:22.980Z - Time taken for 'total execution time for createProjectGraph()' 8.645375000000058ms
[NX Daemon Server] - 2025-01-14T19:27:23.000Z - [WATCHER]: Processing file changes in outputs
[NX Daemon Server] - 2025-01-14T19:27:23.098Z - [REQUEST]: Responding to the client. recordOutputsHash
[NX Daemon Server] - 2025-01-14T19:27:23.098Z - Done responding to the client recordOutputsHash
[NX Daemon Server] - 2025-01-14T19:27:23.098Z - Handled RECORD_OUTPUTS_HASH. Handling time: 3. Response time: 0.
[NX Daemon Server] - 2025-01-14T19:27:23.100Z - [REQUEST]: Responding to the client. handleRecordTaskRuns
[NX Daemon Server] - 2025-01-14T19:27:23.100Z - Done responding to the client handleRecordTaskRuns
[NX Daemon Server] - 2025-01-14T19:27:23.100Z - Handled RECORD_TASK_RUNS. Handling time: 1. Response time: 0.
[NX Daemon Server] - 2025-01-14T19:27:23.100Z - [REQUEST]: Responding to the client. handleGetFlakyTasks
[NX Daemon Server] - 2025-01-14T19:27:23.100Z - Done responding to the client handleGetFlakyTasks
[NX Daemon Server] - 2025-01-14T19:27:23.100Z - Handled GET_FLAKY_TASKS. Handling time: 0. Response time: 0.
[NX Daemon Server] - 2025-01-14T19:27:23.129Z - [WATCHER]: 3 file(s) created or restored, 0 file(s) modified, 0 file(s) deleted
[NX Daemon Server] - 2025-01-14T19:27:23.129Z - [WATCHER]: Processing file changes in outputs
[NX Daemon Server] - 2025-01-14T19:27:23.212Z - Closed a connection. Number of open connections: 0
[NX Daemon Server] - 2025-01-14T19:27:23.230Z - [REQUEST]: Updated workspace context based on watched changes, recomputing project graph...
[NX Daemon Server] - 2025-01-14T19:27:23.230Z - [REQUEST]: games/multipipe/game/dist/index.94985e83.js,games/multipipe/game/dist/index.94985e83.js.map,games/multipipe/game/dist/index.html
[NX Daemon Server] - 2025-01-14T19:27:23.230Z - [REQUEST]: 
[NX Daemon Server] - 2025-01-14T19:27:23.232Z - Time taken for 'hash changed files from watcher' 1.2117079999998168ms
[NX Daemon Server] - 2025-01-14T19:27:23.238Z - Time taken for 'build-project-configs' 5.3310419999997976ms
[NX Daemon Server] - 2025-01-14T19:27:23.246Z - [SYNC]: collect registered sync generators
[NX Daemon Server] - 2025-01-14T19:27:23.247Z - [SYNC]: project graph hash is the same, not collecting task sync generators
[NX Daemon Server] - 2025-01-14T19:27:23.247Z - [SYNC]: nx.json hash is the same, not collecting global sync generators
[NX Daemon Server] - 2025-01-14T19:27:23.247Z - Time taken for 'total execution time for createProjectGraph()' 6.821249999999964ms
[NX Daemon Server] - 2025-01-14T19:27:24.165Z - Established a connection. Number of open connections: 1
[NX Daemon Server] - 2025-01-14T19:27:24.165Z - Closed a connection. Number of open connections: 0
[NX Daemon Server] - 2025-01-14T19:27:24.165Z - Established a connection. Number of open connections: 1
[NX Daemon Server] - 2025-01-14T19:27:24.166Z - [REQUEST]: Client Request for Project Graph Received
[NX Daemon Server] - 2025-01-14T19:27:24.166Z - [REQUEST]: Responding to the client. project-graph
[NX Daemon Server] - 2025-01-14T19:27:24.166Z - Time taken for 'total for creating and serializing project graph' 0.1424589999996897ms
[NX Daemon Server] - 2025-01-14T19:27:24.170Z - Done responding to the client project-graph
[NX Daemon Server] - 2025-01-14T19:27:24.170Z - Handled REQUEST_PROJECT_GRAPH. Handling time: 0. Response time: 4.
[NX Daemon Server] - 2025-01-14T19:27:24.204Z - [REQUEST]: Responding to the client. handleHashTasks
[NX Daemon Server] - 2025-01-14T19:27:24.204Z - Done responding to the client handleHashTasks
[NX Daemon Server] - 2025-01-14T19:27:24.204Z - Handled HASH_TASKS. Handling time: 4. Response time: 0.
[NX Daemon Server] - 2025-01-14T19:27:24.210Z - [REQUEST]: Responding to the client. handleGetEstimatedTaskTimings
[NX Daemon Server] - 2025-01-14T19:27:24.210Z - Done responding to the client handleGetEstimatedTaskTimings
[NX Daemon Server] - 2025-01-14T19:27:24.211Z - Handled GET_ESTIMATED_TASK_TIMINGS. Handling time: 0. Response time: 1.
[NX Daemon Server] - 2025-01-14T19:27:25.308Z - [REQUEST]: Responding to the client. recordOutputsHash
[NX Daemon Server] - 2025-01-14T19:27:25.308Z - Done responding to the client recordOutputsHash
[NX Daemon Server] - 2025-01-14T19:27:25.308Z - Handled RECORD_OUTPUTS_HASH. Handling time: 4. Response time: 0.
[NX Daemon Server] - 2025-01-14T19:27:25.343Z - [WATCHER]: 0 file(s) created or restored, 28 file(s) modified, 0 file(s) deleted
[NX Daemon Server] - 2025-01-14T19:27:25.344Z - [WATCHER]: Processing file changes in outputs
[NX Daemon Server] - 2025-01-14T19:27:25.445Z - [REQUEST]: Updated workspace context based on watched changes, recomputing project graph...
[NX Daemon Server] - 2025-01-14T19:27:25.445Z - [REQUEST]: lib/shared/dist/esm/index.js,lib/shared/dist/esm/types/index.d.ts.map,lib/shared/dist/esm/utility/index.js,lib/shared/dist/esm/index.d.ts.map,lib/shared/dist/esm/gameRegistry.d.ts.map,lib/shared/dist/esm/gameRegistry.js,lib/shared/dist/esm/utility/game_data.js.map,lib/shared/dist/esm/types/smg_core.d.ts.map,lib/shared/dist/esm/gameRegistry.d.ts,lib/shared/dist/esm/types/game.d.ts.map,lib/shared/dist/esm/types/smg_core.js,lib/shared/dist/esm/types/game.js.map,lib/shared/dist/esm/utility/game_data.js,lib/shared/dist/esm/index.js.map,lib/shared/dist/esm/types/index.js,lib/shared/dist/esm/types/game.d.ts,lib/shared/dist/esm/types/index.d.ts,lib/shared/dist/esm/index.d.ts,lib/shared/dist/esm/gameRegistry.js.map,lib/shared/dist/esm/types/index.js.map,lib/shared/dist/esm/types/game.js,lib/shared/dist/esm/types/smg_core.js.map,lib/shared/dist/esm/types/smg_core.d.ts,lib/shared/dist/esm/utility/game_data.d.ts.map,lib/shared/dist/esm/utility/game_data.d.ts,lib/shared/dist/esm/utility/index.js.map,lib/shared/dist/esm/utility/index.d.ts,lib/shared/dist/esm/utility/index.d.ts.map
[NX Daemon Server] - 2025-01-14T19:27:25.445Z - [REQUEST]: 
[NX Daemon Server] - 2025-01-14T19:27:25.447Z - Time taken for 'hash changed files from watcher' 0.7690409999995609ms
[NX Daemon Server] - 2025-01-14T19:27:25.452Z - Time taken for 'build-project-configs' 4.929208000000472ms
[NX Daemon Server] - 2025-01-14T19:27:25.460Z - [SYNC]: collect registered sync generators
[NX Daemon Server] - 2025-01-14T19:27:25.460Z - [SYNC]: project graph hash is the same, not collecting task sync generators
[NX Daemon Server] - 2025-01-14T19:27:25.460Z - [SYNC]: nx.json hash is the same, not collecting global sync generators
[NX Daemon Server] - 2025-01-14T19:27:25.460Z - Time taken for 'total execution time for createProjectGraph()' 6.426042000000052ms
[NX Daemon Server] - 2025-01-14T19:27:26.443Z - [WATCHER]: 0 file(s) created or restored, 109 file(s) modified, 0 file(s) deleted
[NX Daemon Server] - 2025-01-14T19:27:26.444Z - [WATCHER]: Processing file changes in outputs
[NX Daemon Server] - 2025-01-14T19:27:26.487Z - [REQUEST]: Responding to the client. recordOutputsHash
[NX Daemon Server] - 2025-01-14T19:27:26.488Z - Done responding to the client recordOutputsHash
[NX Daemon Server] - 2025-01-14T19:27:26.488Z - Handled RECORD_OUTPUTS_HASH. Handling time: 6. Response time: 1.
[NX Daemon Server] - 2025-01-14T19:27:26.494Z - [WATCHER]: Processing file changes in outputs
[NX Daemon Server] - 2025-01-14T19:27:26.495Z - [WATCHER]: 0 file(s) created or restored, 108 file(s) modified, 0 file(s) deleted
[NX Daemon Server] - 2025-01-14T19:27:26.550Z - [WATCHER]: Processing file changes in outputs
[NX Daemon Server] - 2025-01-14T19:27:26.550Z - [WATCHER]: 0 file(s) created or restored, 216 file(s) modified, 0 file(s) deleted
[NX Daemon Server] - 2025-01-14T19:27:26.647Z - [REQUEST]: Updated workspace context based on watched changes, recomputing project graph...
[NX Daemon Server] - 2025-01-14T19:27:26.647Z - [REQUEST]: lib/display_components/dist/esm/interfaces/index.d.ts,lib/display_components/dist/esm/webcomponents/menus/welcome_menu/definitions.d.ts,lib/display_components/dist/esm/util/injection.js,lib/display_components/dist/esm/contexts/player_context.js.map,lib/display_components/dist/esm/contexts/game_context.js.map,lib/display_components/dist/esm/events/LogInCue.d.ts.map,lib/display_components/dist/esm/webcomponents/base_injectable_controller.js,lib/display_components/dist/esm/constants/index.js,lib/display_components/dist/esm/events/index.js,lib/display_components/dist/esm/webcomponents/menus/welcome_menu/definitions.js.map,lib/display_components/dist/esm/contexts/game_context.d.ts,lib/display_components/dist/esm/types/component_dependencies.js,lib/display_components/dist/esm/events/FindGameCue.js.map,lib/display_components/dist/esm/events/FindGameCue.js,lib/display_components/dist/esm/constants/index.js.map,lib/display_components/dist/esm/events/StartNewGameCue.js.map,lib/display_components/dist/esm/types/component_dependencies.d.ts,lib/display_components/dist/esm/events/LoggedInEvent.js.map,lib/display_components/dist/esm/interfaces/injectable_controller.js.map,lib/display_components/dist/esm/interfaces/injectable_controller.js,lib/display_components/dist/esm/webcomponents/base_injectable_controller.js.map,lib/display_components/dist/esm/util/index.js.map,lib/display_components/dist/esm/webcomponents/menus/welcome_menu/welcome_menu.js,lib/display_components/dist/esm/webcomponents/menus/welcome_menu/index.js.map,lib/display_components/dist/esm/interfaces/injectable_controller.d.ts.map,lib/display_components/dist/esm/webcomponents/menus/welcome_menu/definitions.js,lib/display_components/dist/esm/webcomponents/menus/welcome_menu/index.js,lib/display_components/dist/esm/util/index.d.ts.map,lib/display_components/dist/esm/events/SwapActivityCue.d.ts.map,lib/display_components/dist/esm/events/LogInCue.js,lib/display_components/dist/esm/events/LoadGameCue.d.ts,lib/display_components/dist/esm/events/StartNewGameCue.js,lib/display_components/dist/esm/types/activities.js.map,lib/display_components/dist/esm/events/InjectionCue.js.map,lib/display_components/dist/esm/types/activities.js,lib/display_components/dist/esm/events/InjectionCue.js,lib/display_components/dist/esm/interfaces/index.js,lib/display_components/dist/esm/webcomponents/base_injectable_controller.d.ts,lib/display_components/dist/esm/util/injection.d.ts.map,lib/display_components/dist/esm/webcomponents/menus/find_game/find_game_menu.d.ts.map,lib/display_components/dist/esm/interfaces/index.d.ts.map,lib/display_components/dist/esm/events/LogInCue.d.ts,lib/display_components/dist/esm/util/injection.d.ts,lib/display_components/dist/esm/util/index.d.ts,lib/display_components/dist/esm/types/index.d.ts.map,lib/display_components/dist/esm/contexts/index.js.map,lib/display_components/dist/esm/contexts/index.js,lib/display_components/dist/esm/webcomponents/menus/base_menu.js,lib/display_components/dist/esm/types/index.js,lib/display_components/dist/esm/events/FindGameCue.d.ts,lib/display_components/dist/esm/events/StartNewGameCue.d.ts.map,lib/display_components/dist/esm/events/index.js.map,lib/display_components/dist/esm/webcomponents/menus/base_menu.d.ts,lib/display_components/dist/esm/webcomponents/menus/find_game/index.js.map,lib/display_components/dist/esm/events/LoadGameCue.d.ts.map,lib/display_components/dist/esm/events/InjectionCue.d.ts.map,lib/display_components/dist/esm/events/index.d.ts.map,lib/display_components/dist/esm/contexts/player_context.js,lib/display_components/dist/esm/types/component_dependencies.js.map,lib/display_components/dist/esm/constants/index.d.ts,lib/display_components/dist/esm/events/SwapActivityCue.js.map,lib/display_components/dist/esm/contexts/game_context.d.ts.map,lib/display_components/dist/esm/contexts/index.d.ts.map,lib/display_components/dist/esm/contexts/index.d.ts,lib/display_components/dist/esm/webcomponents/menus/base_menu.js.map,lib/display_components/dist/esm/events/SwapActivityCue.js,lib/display_components/dist/esm/events/LoggedInEvent.d.ts,lib/display_components/dist/esm/util/index.js,lib/display_components/dist/esm/webcomponents/menus/welcome_menu/index.d.ts.map,lib/display_components/dist/esm/types/activities.d.ts.map,lib/display_components/dist/esm/types/component_dependencies.d.ts.map,lib/display_components/dist/esm/webcomponents/menus/welcome_menu/welcome_menu.d.ts,lib/display_components/dist/esm/util/injection.js.map,lib/display_components/dist/esm/webcomponents/menus/welcome_menu/welcome_menu.js.map,lib/display_components/dist/esm/events/FindGameCue.d.ts.map,lib/display_components/dist/esm/events/LoggedInEvent.d.ts.map,lib/display_components/dist/esm/contexts/player_context.d.ts.map,lib/display_components/dist/esm/interfaces/injectable_host.d.ts.map,lib/display_components/dist/esm/webcomponents/menus/welcome_menu/welcome_menu.d.ts.map,lib/display_components/dist/esm/events/LoadGameCue.js,lib/display_components/dist/esm/webcomponents/menus/welcome_menu/definitions.d.ts.map,lib/display_components/dist/esm/interfaces/injectable_host.js.map,lib/display_components/dist/esm/contexts/player_context.d.ts,lib/display_components/dist/esm/constants/index.d.ts.map,lib/display_components/dist/esm/contexts/game_context.js,lib/display_components/dist/esm/events/StartNewGameCue.d.ts,lib/display_components/dist/esm/events/SwapActivityCue.d.ts,lib/display_components/dist/esm/interfaces/index.js.map,lib/display_components/dist/esm/webcomponents/menus/welcome_menu/index.d.ts,lib/display_components/dist/esm/webcomponents/base_injectable_controller.d.ts.map,lib/display_components/dist/esm/interfaces/injectable_controller.d.ts,lib/display_components/dist/esm/interfaces/injectable_host.js,lib/display_components/dist/esm/types/activities.d.ts,lib/display_components/dist/esm/events/LoadGameCue.js.map,lib/display_components/dist/esm/types/index.js.map,lib/display_components/dist/esm/types/index.d.ts,lib/display_components/dist/esm/events/InjectionCue.d.ts,lib/display_components/dist/esm/events/LogInCue.js.map,lib/display_components/dist/esm/webcomponents/menus/find_game/find_game_menu.js.map,lib/display_components/dist/esm/webcomponents/menus/welcome_menu/welcome_controller.js.map,lib/display_components/dist/esm/webcomponents/menus/base_menu.d.ts.map,lib/display_components/dist/esm/events/index.d.ts,lib/display_components/dist/esm/webcomponents/menus/find_game/find_game_menu.d.ts,lib/display_components/dist/esm/webcomponents/menus/find_game/find_game_menu.js,lib/display_components/dist/esm/events/LoggedInEvent.js,lib/display_components/dist/esm/webcomponents/menus/welcome_menu/welcome_controller.d.ts.map,lib/display_components/dist/esm/webcomponents/menus/welcome_menu/welcome_controller.js,lib/display_components/dist/esm/interfaces/injectable_host.d.ts,lib/display_components/dist/esm/webcomponents/menus/welcome_menu/welcome_controller.d.ts,lib/display_components/dist/esm/webcomponents/game_containers/multipipe_container/multipipe_game_container.js,lib/display_components/dist/esm/webcomponents/activity_container/start_game_activity/play_game_activity_controller.d.ts.map,lib/display_components/dist/esm/webcomponents/activity_container/start_game_activity/index.js,lib/display_components/dist/esm/webcomponents/lists/index.d.ts,lib/display_components/dist/esm/webcomponents/activity_container/find_game_activity/definitions.js,lib/display_components/dist/esm/webcomponents/activity_container/find_game_activity/index.js.map,lib/display_components/dist/esm/webcomponents/activity_container/find_game_activity/index.d.ts,lib/display_components/dist/esm/index.js,lib/display_components/dist/esm/webcomponents/game_containers/base_game_controller.d.ts.map,lib/display_components/dist/esm/webcomponents/game_containers/multipipe_container/multipipe_game_controller.d.ts,lib/display_components/dist/esm/webcomponents/game_containers/multipipe_container/index.js.map,lib/display_components/dist/esm/webcomponents/activity_container/find_game_activity/index.js,lib/display_components/dist/esm/webcomponents/lists/game_list/index.js,lib/display_components/dist/esm/webcomponents/menus/index.js,lib/display_components/dist/esm/webcomponents/menus/index.d.ts.map,lib/display_components/dist/esm/webcomponents/activity_container/index.d.ts,lib/display_components/dist/esm/webcomponents/game_containers/base_game_container.js,lib/display_components/dist/esm/webcomponents/game_containers/definitions.d.ts,lib/display_components/dist/esm/webcomponents/index.js,lib/display_components/dist/esm/typeguards/index.js,lib/display_components/dist/esm/webcomponents/activity_container/find_game_activity/find_game_activity_controller.js,lib/display_components/dist/esm/webcomponents/activity_container/start_game_activity/play_game_activity_controller.d.ts,lib/display_components/dist/esm/webcomponents/activity_container/find_game_activity/find_game_activity.js.map,lib/display_components/dist/esm/webcomponents/game_containers/multipipe_container/definitions.js.map,lib/display_components/dist/esm/webcomponents/activity_container/start_game_activity/definitions.d.ts,lib/display_components/dist/esm/webcomponents/lists/game_list/game_list.js,lib/display_components/dist/esm/webcomponents/game_containers/index.js,lib/display_components/dist/esm/webcomponents/lists/index.js,lib/display_components/dist/esm/webcomponents/game_containers/multipipe_container/index.js,lib/display_components/dist/esm/webcomponents/activity_container/find_game_activity/definitions.d.ts,lib/display_components/dist/esm/webcomponents/activity_container/find_game_activity/find_game_activity.d.ts,lib/display_components/dist/esm/typeguards/activities.d.ts,lib/display_components/dist/esm/webcomponents/game_containers/base_game_container.d.ts,lib/display_components/dist/esm/webcomponents/game_containers/base_game_controller.d.ts,lib/display_components/dist/esm/webcomponents/lists/index.js.map,lib/display_components/dist/esm/webcomponents/game_containers/multipipe_container/multipipe_game_container.d.ts,lib/display_components/dist/esm/webcomponents/activity_container/base_activity_container.js,lib/display_components/dist/esm/webcomponents/game_containers/base_game_container.js.map,lib/display_components/dist/esm/webcomponents/menus/find_game/index.js,lib/display_components/dist/esm/webcomponents/game_containers/index.js.map,lib/display_components/dist/esm/webcomponents/activity_container/find_game_activity/find_game_activity.d.ts.map,lib/display_components/dist/esm/webcomponents/activity_container/index.js,lib/display_components/dist/esm/webcomponents/activity_container/start_game_activity/play_game_activity.js.map,lib/display_components/dist/esm/index.js.map,lib/display_components/dist/esm/webcomponents/game_containers/multipipe_container/definitions.js,lib/display_components/dist/esm/webcomponents/game_containers/multipipe_container/multipipe_game_controller.js.map,lib/display_components/dist/esm/webcomponents/activity_container/start_game_activity/index.js.map,lib/display_components/dist/esm/webcomponents/activity_container/start_game_activity/play_game_activity.js,lib/display_components/dist/esm/webcomponents/activity_container/start_game_activity/play_game_activity.d.ts.map,lib/display_components/dist/esm/webcomponents/game_containers/index.d.ts.map,lib/display_components/dist/esm/webcomponents/activity_container/find_game_activity/index.d.ts.map,lib/display_components/dist/esm/typeguards/index.d.ts.map,lib/display_components/dist/esm/webcomponents/lists/index.d.ts.map,lib/display_components/dist/esm/webcomponents/activity_container/base_activity_container.d.ts,lib/display_components/dist/esm/webcomponents/activity_container/find_game_activity/find_game_activity_controller.js.map,lib/display_components/dist/esm/webcomponents/lists/game_list/game_list.js.map,lib/display_components/dist/esm/webcomponents/activity_container/base_activity_container.d.ts.map,lib/display_components/dist/esm/typeguards/index.d.ts,lib/display_components/dist/esm/webcomponents/lists/game_list/index.d.ts.map,lib/display_components/dist/esm/webcomponents/activity_container/start_game_activity/play_game_activity_controller.js.map,lib/display_components/dist/esm/webcomponents/lists/game_list/index.js.map,lib/display_components/dist/esm/webcomponents/activity_container/find_game_activity/find_game_activity_controller.d.ts.map,lib/display_components/dist/esm/webcomponents/game_containers/multipipe_container/multipipe_game_controller.js,lib/display_components/dist/esm/webcomponents/activity_container/find_game_activity/definitions.d.ts.map,lib/display_components/dist/esm/index.d.ts,lib/display_components/dist/esm/webcomponents/activity_container/start_game_activity/definitions.js,lib/display_components/dist/esm/webcomponents/game_containers/multipipe_container/definitions.d.ts,lib/display_components/dist/esm/webcomponents/game_containers/multipipe_container/multipipe_game_container.d.ts.map,lib/display_components/dist/esm/webcomponents/game_containers/base_game_controller.js,lib/display_components/dist/esm/webcomponents/game_containers/base_game_container.d.ts.map,lib/display_components/dist/esm/webcomponents/activity_container/start_game_activity/index.d.ts,lib/display_components/dist/esm/webcomponents/activity_container/start_game_activity/play_game_activity.d.ts,lib/display_components/dist/esm/webcomponents/game_containers/definitions.js,lib/display_components/dist/esm/webcomponents/activity_container/start_game_activity/definitions.d.ts.map,lib/display_components/dist/esm/webcomponents/activity_container/find_game_activity/definitions.js.map,lib/display_components/dist/esm/webcomponents/game_containers/multipipe_container/index.d.ts,lib/display_components/dist/esm/webcomponents/game_containers/base_game_controller.js.map,lib/display_components/dist/esm/webcomponents/game_containers/index.d.ts,lib/display_components/dist/esm/webcomponents/menus/index.js.map,lib/display_components/dist/esm/webcomponents/game_containers/multipipe_container/multipipe_game_controller.d.ts.map,lib/display_components/dist/esm/index.d.ts.map,lib/display_components/dist/esm/webcomponents/activity_container/index.d.ts.map,lib/display_components/dist/esm/typeguards/activities.js.map,lib/display_components/dist/esm/webcomponents/activity_container/base_activity_container.js.map,lib/display_components/dist/esm/webcomponents/activity_container/index.js.map,lib/display_components/dist/esm/typeguards/index.js.map,lib/display_components/dist/esm/webcomponents/index.d.ts.map,lib/display_components/dist/esm/typeguards/activities.d.ts.map,lib/display_components/dist/esm/webcomponents/lists/game_list/game_list.d.ts.map,lib/display_components/dist/esm/webcomponents/game_containers/multipipe_container/multipipe_game_container.js.map,lib/display_components/dist/esm/webcomponents/activity_container/start_game_activity/index.d.ts.map,lib/display_components/dist/esm/webcomponents/game_containers/definitions.d.ts.map,lib/display_components/dist/esm/webcomponents/game_containers/multipipe_container/index.d.ts.map,lib/display_components/dist/esm/typeguards/activities.js,lib/display_components/dist/esm/webcomponents/menus/find_game/index.d.ts,lib/display_components/dist/esm/webcomponents/activity_container/start_game_activity/play_game_activity_controller.js,lib/display_components/dist/esm/webcomponents/activity_container/start_game_activity/definitions.js.map,lib/display_components/dist/esm/webcomponents/menus/index.d.ts,lib/display_components/dist/esm/webcomponents/activity_container/find_game_activity/find_game_activity.js,lib/display_components/dist/esm/webcomponents/menus/find_game/index.d.ts.map,lib/display_components/dist/esm/webcomponents/lists/game_list/index.d.ts,lib/display_components/dist/esm/webcomponents/index.js.map,lib/display_components/dist/esm/webcomponents/index.d.ts,lib/display_components/dist/esm/webcomponents/lists/game_list/game_list.d.ts,lib/display_components/dist/esm/webcomponents/game_containers/multipipe_container/definitions.d.ts.map,lib/display_components/dist/esm/webcomponents/game_containers/definitions.js.map,lib/display_components/dist/esm/webcomponents/activity_container/find_game_activity/find_game_activity_controller.d.ts
[NX Daemon Server] - 2025-01-14T19:27:26.647Z - [REQUEST]: 
[NX Daemon Server] - 2025-01-14T19:27:26.649Z - Time taken for 'hash changed files from watcher' 3.2027500000003783ms
[NX Daemon Server] - 2025-01-14T19:27:26.657Z - Time taken for 'build-project-configs' 6.203042000001005ms
[NX Daemon Server] - 2025-01-14T19:27:26.668Z - [SYNC]: collect registered sync generators
[NX Daemon Server] - 2025-01-14T19:27:26.669Z - [SYNC]: project graph hash is the same, not collecting task sync generators
[NX Daemon Server] - 2025-01-14T19:27:26.669Z - [SYNC]: nx.json hash is the same, not collecting global sync generators
[NX Daemon Server] - 2025-01-14T19:27:26.669Z - Time taken for 'total execution time for createProjectGraph()' 8.69262499999968ms
[NX Daemon Server] - 2025-01-14T19:27:28.144Z - [WATCHER]: Processing file changes in outputs
[NX Daemon Server] - 2025-01-14T19:27:28.145Z - [WATCHER]: games/multipipe/game/dist/sword.3bb7992f.png was created or restored
[NX Daemon Server] - 2025-01-14T19:27:28.245Z - [REQUEST]: Updated workspace context based on watched changes, recomputing project graph...
[NX Daemon Server] - 2025-01-14T19:27:28.245Z - [REQUEST]: games/multipipe/game/dist/sword.3bb7992f.png
[NX Daemon Server] - 2025-01-14T19:27:28.245Z - [REQUEST]: 
[NX Daemon Server] - 2025-01-14T19:27:28.248Z - Time taken for 'hash changed files from watcher' 0.37595800000053714ms
[NX Daemon Server] - 2025-01-14T19:27:28.254Z - Time taken for 'build-project-configs' 5.585084000000279ms
[NX Daemon Server] - 2025-01-14T19:27:28.264Z - [SYNC]: collect registered sync generators
[NX Daemon Server] - 2025-01-14T19:27:28.264Z - [SYNC]: project graph hash is the same, not collecting task sync generators
[NX Daemon Server] - 2025-01-14T19:27:28.264Z - [SYNC]: nx.json hash is the same, not collecting global sync generators
[NX Daemon Server] - 2025-01-14T19:27:28.264Z - Time taken for 'total execution time for createProjectGraph()' 9.210833000001003ms
[NX Daemon Server] - 2025-01-14T19:27:28.268Z - [REQUEST]: Responding to the client. recordOutputsHash
[NX Daemon Server] - 2025-01-14T19:27:28.268Z - Done responding to the client recordOutputsHash
[NX Daemon Server] - 2025-01-14T19:27:28.268Z - Handled RECORD_OUTPUTS_HASH. Handling time: 4. Response time: 0.
[NX Daemon Server] - 2025-01-14T19:27:28.298Z - [WATCHER]: Processing file changes in outputs
[NX Daemon Server] - 2025-01-14T19:27:28.371Z - [REQUEST]: Responding to the client. recordOutputsHash
[NX Daemon Server] - 2025-01-14T19:27:28.371Z - Done responding to the client recordOutputsHash
[NX Daemon Server] - 2025-01-14T19:27:28.371Z - Handled RECORD_OUTPUTS_HASH. Handling time: 3. Response time: 0.
[NX Daemon Server] - 2025-01-14T19:27:28.399Z - [WATCHER]: 4 file(s) created or restored, 0 file(s) modified, 0 file(s) deleted
[NX Daemon Server] - 2025-01-14T19:27:28.400Z - [WATCHER]: Processing file changes in outputs
[NX Daemon Server] - 2025-01-14T19:27:28.500Z - [REQUEST]: Updated workspace context based on watched changes, recomputing project graph...
[NX Daemon Server] - 2025-01-14T19:27:28.500Z - [REQUEST]: games/multipipe/game/dist/index.94985e83.js.map,games/multipipe/game/dist/index.94985e83.js,games/multipipe/game/dist/sword.3bb7992f.png,games/multipipe/game/dist/index.html
[NX Daemon Server] - 2025-01-14T19:27:28.500Z - [REQUEST]: 
[NX Daemon Server] - 2025-01-14T19:27:28.502Z - Time taken for 'hash changed files from watcher' 1.2555830000001151ms
[NX Daemon Server] - 2025-01-14T19:27:28.508Z - Time taken for 'build-project-configs' 5.460084000000279ms
[NX Daemon Server] - 2025-01-14T19:27:28.517Z - [SYNC]: collect registered sync generators
[NX Daemon Server] - 2025-01-14T19:27:28.518Z - [SYNC]: project graph hash is the same, not collecting task sync generators
[NX Daemon Server] - 2025-01-14T19:27:28.518Z - [SYNC]: nx.json hash is the same, not collecting global sync generators
[NX Daemon Server] - 2025-01-14T19:27:28.518Z - Time taken for 'total execution time for createProjectGraph()' 7.299875000000611ms
[NX Daemon Server] - 2025-01-14T19:27:28.728Z - [REQUEST]: Responding to the client. recordOutputsHash
[NX Daemon Server] - 2025-01-14T19:27:28.728Z - Done responding to the client recordOutputsHash
[NX Daemon Server] - 2025-01-14T19:27:28.729Z - Handled RECORD_OUTPUTS_HASH. Handling time: 0. Response time: 1.
[NX Daemon Server] - 2025-01-14T19:27:28.735Z - [WATCHER]: Processing file changes in outputs
[NX Daemon Server] - 2025-01-14T19:27:28.759Z - [REQUEST]: Responding to the client. recordOutputsHash
[NX Daemon Server] - 2025-01-14T19:27:28.759Z - Done responding to the client recordOutputsHash
[NX Daemon Server] - 2025-01-14T19:27:28.759Z - Handled RECORD_OUTPUTS_HASH. Handling time: 0. Response time: 0.
[NX Daemon Server] - 2025-01-14T19:27:28.761Z - [REQUEST]: Responding to the client. handleRecordTaskRuns
[NX Daemon Server] - 2025-01-14T19:27:28.761Z - Done responding to the client handleRecordTaskRuns
[NX Daemon Server] - 2025-01-14T19:27:28.761Z - Handled RECORD_TASK_RUNS. Handling time: 1. Response time: 0.
[NX Daemon Server] - 2025-01-14T19:27:28.761Z - [REQUEST]: Responding to the client. handleGetFlakyTasks
[NX Daemon Server] - 2025-01-14T19:27:28.761Z - Done responding to the client handleGetFlakyTasks
[NX Daemon Server] - 2025-01-14T19:27:28.761Z - Handled GET_FLAKY_TASKS. Handling time: 0. Response time: 0.
[NX Daemon Server] - 2025-01-14T19:27:28.804Z - [WATCHER]: Processing file changes in outputs
[NX Daemon Server] - 2025-01-14T19:27:28.880Z - Closed a connection. Number of open connections: 0
[NX Daemon Server] - 2025-01-14T19:28:47.922Z - [WATCHER]: games/multipipe/server_module/src/server/routing.ts was modified
[NX Daemon Server] - 2025-01-14T19:28:47.923Z - [WATCHER]: Processing file changes in outputs
[NX Daemon Server] - 2025-01-14T19:28:48.124Z - [REQUEST]: Updated workspace context based on watched changes, recomputing project graph...
[NX Daemon Server] - 2025-01-14T19:28:48.124Z - [REQUEST]: games/multipipe/server_module/src/server/routing.ts
[NX Daemon Server] - 2025-01-14T19:28:48.124Z - [REQUEST]: 
[NX Daemon Server] - 2025-01-14T19:28:48.126Z - Time taken for 'hash changed files from watcher' 0.3693749999947613ms
[NX Daemon Server] - 2025-01-14T19:28:48.132Z - Time taken for 'build-project-configs' 5.301041999991867ms
[NX Daemon Server] - 2025-01-14T19:28:48.143Z - [SYNC]: collect registered sync generators
[NX Daemon Server] - 2025-01-14T19:28:48.143Z - [SYNC]: project graph hash is the same, not collecting task sync generators
[NX Daemon Server] - 2025-01-14T19:28:48.143Z - [SYNC]: nx.json hash is the same, not collecting global sync generators
[NX Daemon Server] - 2025-01-14T19:28:48.143Z - Time taken for 'total execution time for createProjectGraph()' 9.626459000006435ms
[NX Daemon Server] - 2025-01-14T19:47:10.599Z - [WATCHER]: lib/internal_shared/src/utility/injection.ts was modified
[NX Daemon Server] - 2025-01-14T19:47:10.600Z - [WATCHER]: Processing file changes in outputs
[NX Daemon Server] - 2025-01-14T19:47:11.001Z - [REQUEST]: Updated workspace context based on watched changes, recomputing project graph...
[NX Daemon Server] - 2025-01-14T19:47:11.001Z - [REQUEST]: lib/internal_shared/src/utility/injection.ts
[NX Daemon Server] - 2025-01-14T19:47:11.001Z - [REQUEST]: 
[NX Daemon Server] - 2025-01-14T19:47:11.004Z - Time taken for 'hash changed files from watcher' 0.400292000034824ms
[NX Daemon Server] - 2025-01-14T19:47:11.010Z - Time taken for 'build-project-configs' 5.366417000070214ms
[NX Daemon Server] - 2025-01-14T19:47:11.022Z - [SYNC]: collect registered sync generators
[NX Daemon Server] - 2025-01-14T19:47:11.022Z - [SYNC]: project graph hash is the same, not collecting task sync generators
[NX Daemon Server] - 2025-01-14T19:47:11.022Z - [SYNC]: nx.json hash is the same, not collecting global sync generators
[NX Daemon Server] - 2025-01-14T19:47:11.022Z - Time taken for 'total execution time for createProjectGraph()' 10.203125ms
[NX Daemon Server] - 2025-01-14T19:47:17.170Z - [WATCHER]: apps/server/src/server.ts was modified
[NX Daemon Server] - 2025-01-14T19:47:17.171Z - [WATCHER]: Processing file changes in outputs
[NX Daemon Server] - 2025-01-14T19:47:17.972Z - [REQUEST]: Updated workspace context based on watched changes, recomputing project graph...
[NX Daemon Server] - 2025-01-14T19:47:17.972Z - [REQUEST]: apps/server/src/server.ts
[NX Daemon Server] - 2025-01-14T19:47:17.972Z - [REQUEST]: 
[NX Daemon Server] - 2025-01-14T19:47:17.987Z - Time taken for 'hash changed files from watcher' 0.9043750001583248ms
[NX Daemon Server] - 2025-01-14T19:47:17.993Z - Time taken for 'build-project-configs' 17.015209000092ms
[NX Daemon Server] - 2025-01-14T19:47:18.004Z - [SYNC]: collect registered sync generators
[NX Daemon Server] - 2025-01-14T19:47:18.005Z - [SYNC]: project graph hash is the same, not collecting task sync generators
[NX Daemon Server] - 2025-01-14T19:47:18.005Z - [SYNC]: nx.json hash is the same, not collecting global sync generators
[NX Daemon Server] - 2025-01-14T19:47:18.005Z - Time taken for 'total execution time for createProjectGraph()' 10.659250000026077ms
[NX Daemon Server] - 2025-01-14T19:47:25.865Z - [WATCHER]: apps/server/src/server.ts was modified
[NX Daemon Server] - 2025-01-14T19:47:25.866Z - [WATCHER]: Processing file changes in outputs
[NX Daemon Server] - 2025-01-14T19:47:27.466Z - [REQUEST]: Updated workspace context based on watched changes, recomputing project graph...
[NX Daemon Server] - 2025-01-14T19:47:27.466Z - [REQUEST]: apps/server/src/server.ts
[NX Daemon Server] - 2025-01-14T19:47:27.466Z - [REQUEST]: 
[NX Daemon Server] - 2025-01-14T19:47:27.468Z - Time taken for 'hash changed files from watcher' 0.3583329999819398ms
[NX Daemon Server] - 2025-01-14T19:47:27.475Z - Time taken for 'build-project-configs' 5.379083999898285ms
[NX Daemon Server] - 2025-01-14T19:47:27.485Z - [SYNC]: collect registered sync generators
[NX Daemon Server] - 2025-01-14T19:47:27.485Z - [SYNC]: project graph hash is the same, not collecting task sync generators
[NX Daemon Server] - 2025-01-14T19:47:27.486Z - [SYNC]: nx.json hash is the same, not collecting global sync generators
[NX Daemon Server] - 2025-01-14T19:47:27.486Z - Time taken for 'total execution time for createProjectGraph()' 9.916083000134677ms
[NX Daemon Server] - 2025-01-14T19:47:44.579Z - [WATCHER]: apps/server/src/server.ts was modified
[NX Daemon Server] - 2025-01-14T19:47:44.581Z - [WATCHER]: Processing file changes in outputs
[NX Daemon Server] - 2025-01-14T19:47:47.782Z - [REQUEST]: Updated workspace context based on watched changes, recomputing project graph...
[NX Daemon Server] - 2025-01-14T19:47:47.783Z - [REQUEST]: apps/server/src/server.ts
[NX Daemon Server] - 2025-01-14T19:47:47.783Z - [REQUEST]: 
[NX Daemon Server] - 2025-01-14T19:47:47.795Z - Time taken for 'hash changed files from watcher' 1.9528330001048744ms
[NX Daemon Server] - 2025-01-14T19:47:47.815Z - Time taken for 'build-project-configs' 25.246624999912456ms
[NX Daemon Server] - 2025-01-14T19:47:47.834Z - [SYNC]: collect registered sync generators
[NX Daemon Server] - 2025-01-14T19:47:47.834Z - [SYNC]: project graph hash is the same, not collecting task sync generators
[NX Daemon Server] - 2025-01-14T19:47:47.834Z - [SYNC]: nx.json hash is the same, not collecting global sync generators
[NX Daemon Server] - 2025-01-14T19:47:47.834Z - Time taken for 'total execution time for createProjectGraph()' 17.62762499996461ms
[NX Daemon Server] - 2025-01-14T19:47:48.502Z - [WATCHER]: apps/server/src/server.ts was modified
[NX Daemon Server] - 2025-01-14T19:47:48.502Z - [WATCHER]: Processing file changes in outputs
[NX Daemon Server] - 2025-01-14T19:47:54.906Z - [REQUEST]: Updated workspace context based on watched changes, recomputing project graph...
[NX Daemon Server] - 2025-01-14T19:47:54.906Z - [REQUEST]: apps/server/src/server.ts
[NX Daemon Server] - 2025-01-14T19:47:54.906Z - [REQUEST]: 
[NX Daemon Server] - 2025-01-14T19:47:54.929Z - Time taken for 'hash changed files from watcher' 1.9918750000651926ms
[NX Daemon Server] - 2025-01-14T19:47:54.938Z - Time taken for 'build-project-configs' 26.3308749999851ms
[NX Daemon Server] - 2025-01-14T19:47:54.954Z - [SYNC]: collect registered sync generators
[NX Daemon Server] - 2025-01-14T19:47:54.954Z - [SYNC]: project graph hash is the same, not collecting task sync generators
[NX Daemon Server] - 2025-01-14T19:47:54.954Z - [SYNC]: nx.json hash is the same, not collecting global sync generators
[NX Daemon Server] - 2025-01-14T19:47:54.954Z - Time taken for 'total execution time for createProjectGraph()' 12.822249999968335ms
[NX Daemon Server] - 2025-01-14T19:47:55.578Z - [WATCHER]: apps/server/src/server.ts was modified
[NX Daemon Server] - 2025-01-14T19:47:55.579Z - [WATCHER]: Processing file changes in outputs
[NX Daemon Server] - 2025-01-14T19:48:01.980Z - [REQUEST]: Updated workspace context based on watched changes, recomputing project graph...
[NX Daemon Server] - 2025-01-14T19:48:01.980Z - [REQUEST]: apps/server/src/server.ts
[NX Daemon Server] - 2025-01-14T19:48:01.980Z - [REQUEST]: 
[NX Daemon Server] - 2025-01-14T19:48:01.984Z - Time taken for 'hash changed files from watcher' 0.8826669999398291ms
[NX Daemon Server] - 2025-01-14T19:48:01.995Z - Time taken for 'build-project-configs' 10.660750000039116ms
[NX Daemon Server] - 2025-01-14T19:48:02.010Z - [SYNC]: collect registered sync generators
[NX Daemon Server] - 2025-01-14T19:48:02.010Z - [SYNC]: project graph hash is the same, not collecting task sync generators
[NX Daemon Server] - 2025-01-14T19:48:02.010Z - [SYNC]: nx.json hash is the same, not collecting global sync generators
[NX Daemon Server] - 2025-01-14T19:48:02.010Z - Time taken for 'total execution time for createProjectGraph()' 13.049875000026077ms
[NX Daemon Server] - 2025-01-14T19:48:13.654Z - [WATCHER]: apps/server/src/server.ts was modified
[NX Daemon Server] - 2025-01-14T19:48:13.654Z - [WATCHER]: Processing file changes in outputs
[NX Daemon Server] - 2025-01-14T19:48:20.055Z - [REQUEST]: Updated workspace context based on watched changes, recomputing project graph...
[NX Daemon Server] - 2025-01-14T19:48:20.055Z - [REQUEST]: apps/server/src/server.ts
[NX Daemon Server] - 2025-01-14T19:48:20.055Z - [REQUEST]: 
[NX Daemon Server] - 2025-01-14T19:48:20.058Z - Time taken for 'hash changed files from watcher' 0.4442910000216216ms
[NX Daemon Server] - 2025-01-14T19:48:20.065Z - Time taken for 'build-project-configs' 6.229334000032395ms
[NX Daemon Server] - 2025-01-14T19:48:20.078Z - [SYNC]: collect registered sync generators
[NX Daemon Server] - 2025-01-14T19:48:20.078Z - [SYNC]: project graph hash is the same, not collecting task sync generators
[NX Daemon Server] - 2025-01-14T19:48:20.078Z - [SYNC]: nx.json hash is the same, not collecting global sync generators
[NX Daemon Server] - 2025-01-14T19:48:20.078Z - Time taken for 'total execution time for createProjectGraph()' 12.163583000190556ms
[NX Daemon Server] - 2025-01-14T19:48:21.069Z - [WATCHER]: apps/server/src/server.ts was modified
[NX Daemon Server] - 2025-01-14T19:48:21.069Z - [WATCHER]: Processing file changes in outputs
[NX Daemon Server] - 2025-01-14T19:48:26.426Z - [WATCHER]: apps/server/src/server.ts was modified
[NX Daemon Server] - 2025-01-14T19:48:26.427Z - [WATCHER]: Processing file changes in outputs
[NX Daemon Server] - 2025-01-14T19:48:27.469Z - [REQUEST]: Updated workspace context based on watched changes, recomputing project graph...
[NX Daemon Server] - 2025-01-14T19:48:27.469Z - [REQUEST]: apps/server/src/server.ts
[NX Daemon Server] - 2025-01-14T19:48:27.469Z - [REQUEST]: 
[NX Daemon Server] - 2025-01-14T19:48:27.471Z - Time taken for 'hash changed files from watcher' 0.38916700007393956ms
[NX Daemon Server] - 2025-01-14T19:48:27.477Z - Time taken for 'build-project-configs' 5.660292000044137ms
[NX Daemon Server] - 2025-01-14T19:48:27.487Z - [SYNC]: collect registered sync generators
[NX Daemon Server] - 2025-01-14T19:48:27.487Z - [SYNC]: project graph hash is the same, not collecting task sync generators
[NX Daemon Server] - 2025-01-14T19:48:27.487Z - [SYNC]: nx.json hash is the same, not collecting global sync generators
[NX Daemon Server] - 2025-01-14T19:48:27.487Z - Time taken for 'total execution time for createProjectGraph()' 8.45241600018926ms
[NX Daemon Server] - 2025-01-14T19:48:52.441Z - [WATCHER]: apps/server/src/server.ts was modified
[NX Daemon Server] - 2025-01-14T19:48:52.445Z - [WATCHER]: Processing file changes in outputs
[NX Daemon Server] - 2025-01-14T19:48:58.847Z - [REQUEST]: Updated workspace context based on watched changes, recomputing project graph...
[NX Daemon Server] - 2025-01-14T19:48:58.847Z - [REQUEST]: apps/server/src/server.ts
[NX Daemon Server] - 2025-01-14T19:48:58.848Z - [REQUEST]: 
[NX Daemon Server] - 2025-01-14T19:48:58.858Z - Time taken for 'hash changed files from watcher' 1.9107080001849681ms
[NX Daemon Server] - 2025-01-14T19:48:58.880Z - Time taken for 'build-project-configs' 24.311875000130385ms
[NX Daemon Server] - 2025-01-14T19:48:58.899Z - [SYNC]: collect registered sync generators
[NX Daemon Server] - 2025-01-14T19:48:58.899Z - [SYNC]: project graph hash is the same, not collecting task sync generators
[NX Daemon Server] - 2025-01-14T19:48:58.899Z - [SYNC]: nx.json hash is the same, not collecting global sync generators
[NX Daemon Server] - 2025-01-14T19:48:58.899Z - Time taken for 'total execution time for createProjectGraph()' 17.12125000008382ms
